<?xml version="1.0" encoding="UTF-8"?>
<!-- Generated by org.testng.reporters.JUnitReportReporter -->
<testsuite hostname="apples-MacBook-Air.local" failures="0" tests="1" name="ToolsQA.Test1" time="27.803" errors="0" timestamp="2023-10-19T09:56:27 IST" skipped="0">
  <testcase classname="ToolsQA.Test1" name="m1" time="27.803"/>
  <system-out/>
</testsuite> <!-- ToolsQA.Test1 -->
