<?xml version="1.0" encoding="UTF-8"?>
<!-- Generated by org.testng.reporters.JUnitReportReporter -->
<testsuite hostname="apples-MacBook-Air.local" failures="0" tests="20" name="Functionality.DataDriven" time="123.140" errors="0" timestamp="2023-10-11T12:57:41 IST" skipped="0">
  <testcase classname="Functionality.DataDriven" name="TestCase1" time="4.633"/>
  <system-out/>
  <testcase classname="Functionality.DataDriven" name="TestCase2" time="5.100"/>
  <system-out/>
  <testcase classname="Functionality.DataDriven" name="TestCase3" time="5.155"/>
  <system-out/>
  <testcase classname="Functionality.DataDriven" name="TestCase4" time="5.955"/>
  <system-out/>
  <testcase classname="Functionality.DataDriven" name="TestCase7" time="3.092"/>
  <system-out/>
  <testcase classname="Functionality.DataDriven" name="TestCase8" time="4.929"/>
  <system-out/>
  <testcase classname="Functionality.DataDriven" name="TestCase9" time="5.634"/>
  <system-out/>
  <testcase classname="Functionality.DataDriven" name="TestCase10" time="5.031"/>
  <system-out/>
  <testcase classname="Functionality.DataDriven" name="TestCase14" time="3.416"/>
  <system-out/>
  <testcase classname="Functionality.DataDriven" name="TestCase15" time="5.510"/>
  <system-out/>
  <testcase classname="Functionality.DataDriven" name="TestCase16" time="16.370"/>
  <system-out/>
  <testcase classname="Functionality.DataDriven" name="TestCase17" time="21.314"/>
  <system-out/>
  <testcase classname="Functionality.DataDriven" name="TestCase18" time="12.422"/>
  <system-out/>
  <testcase classname="Functionality.DataDriven" name="TestCase19" time="1.921"/>
  <system-out/>
  <testcase classname="Functionality.DataDriven" name="TestCase20" time="1.483"/>
  <system-out/>
  <testcase classname="Functionality.DataDriven" name="TestCase21" time="1.247"/>
  <system-out/>
  <testcase classname="Functionality.DataDriven" name="TestCase22" time="1.266"/>
  <system-out/>
  <testcase classname="Functionality.DataDriven" name="TestCase23" time="4.631"/>
  <system-out/>
  <testcase classname="Functionality.DataDriven" name="TestCase24" time="8.931"/>
  <system-out/>
  <testcase classname="Functionality.DataDriven" name="TestCase25" time="5.100"/>
  <system-out/>
</testsuite> <!-- Functionality.DataDriven -->
