<?xml version="1.0" encoding="UTF-8"?>
<!-- Generated by org.testng.reporters.JUnitReportReporter -->
<testsuite hostname="apples-MacBook-Air.local" failures="0" tests="3" name="Functionality.Fuctionality" time="23.803" errors="0" timestamp="2023-10-24T10:52:48 IST" skipped="0">
  <testcase classname="Functionality.Fuctionality" name="TestCase1" time="9.691"/>
  <system-out/>
  <testcase classname="Functionality.Fuctionality" name="TestCase25" time="8.367"/>
  <system-out/>
  <testcase classname="Functionality.Fuctionality" name="TestCase2" time="5.745"/>
  <system-out/>
</testsuite> <!-- Functionality.Fuctionality -->
